{
  "RSpec": {
    "coverage": {
      "/root/ProjectA2/app/controllers/books_controller.rb": {
        "lines": [
          1,
          1,
          null,
          null,
          1,
          2,
          null,
          null,
          null,
          1,
          null,
          null,
          null,
          1,
          0,
          null,
          null,
          null,
          1,
          null,
          null,
          null,
          1,
          0,
          null,
          0,
          0,
          0,
          0,
          null,
          0,
          0,
          null,
          null,
          null,
          null,
          null,
          1,
          8,
          8,
          8,
          4,
          null,
          8,
          4,
          null,
          null,
          null,
          null,
          null,
          1,
          0,
          null,
          0,
          0,
          0,
          null,
          null,
          null,
          1,
          null,
          1,
          20,
          null,
          null,
          null,
          1,
          8,
          null,
          null
        ]
      },
      "/root/ProjectA2/app/controllers/application_controller.rb": {
        "lines": [
          1,
          null
        ]
      },
      "/root/ProjectA2/app/models/book.rb": {
        "lines": [
          1,
          1,
          null
        ]
      },
      "/root/ProjectA2/app/models/application_record.rb": {
        "lines": [
          1,
          1,
          null
        ]
      },
      "/root/ProjectA2/app/channels/application_cable/channel.rb": {
        "lines": [
          0,
          0,
          0,
          0
        ],
        "branches": {
        }
      },
      "/root/ProjectA2/app/channels/application_cable/connection.rb": {
        "lines": [
          0,
          0,
          0,
          0
        ],
        "branches": {
        }
      },
      "/root/ProjectA2/app/helpers/application_helper.rb": {
        "lines": [
          0,
          0
        ],
        "branches": {
        }
      },
      "/root/ProjectA2/app/helpers/books_helper.rb": {
        "lines": [
          0,
          0
        ],
        "branches": {
        }
      },
      "/root/ProjectA2/app/jobs/application_job.rb": {
        "lines": [
          0,
          null,
          null,
          null,
          null,
          null,
          0
        ],
        "branches": {
        }
      },
      "/root/ProjectA2/app/mailers/application_mailer.rb": {
        "lines": [
          0,
          0,
          0,
          0
        ],
        "branches": {
        }
      }
    },
    "timestamp": 1682722821
  }
}
